<?xml version="1.0" encoding="UTF-8" ?>
<testsuite tests="6" failures="0" name="ec.edu.ups.tddwto.calculator.CalculadoraParametrosTest" time="0.012" errors="0" skipped="0">
  <properties>
[...]
</properties>
  <testcase classname="ec.edu.ups.tddwto.calculator.CalculadoraParametrosTest" name="givenTwoIntWhenAdditionThenOk[0]" time="0.011"/>
  <testcase classname="ec.edu.ups.tddwto.calculator.CalculadoraParametrosTest" name="givenTwoIntWhenAdditionThenOk[1]" time="0"/>
  <testcase classname="ec.edu.ups.tddwto.calculator.CalculadoraParametrosTest" name="givenTwoIntWhenAdditionThenOk[2]" time="0"/>
  <testcase classname="ec.edu.ups.tddwto.calculator.CalculadoraParametrosTest" name="givenTwoIntWhenAdditionThenOk[3]" time="0"/>
  <testcase classname="ec.edu.ups.tddwto.calculator.CalculadoraParametrosTest" name="givenTwoIntWhenAdditionThenOk[4]" time="0.001"/>
  <testcase classname="ec.edu.ups.tddwto.calculator.CalculadoraParametrosTest" name="givenTwoIntWhenAdditionThenOk[5]" time="0"/>
</testsuite>